GPU device ID: 5
newdata/50_2020.npy
0
Model(
  (feature_extractor): Sequential(
    (0): Conv2d(1, 64, kernel_size=(7, 7), stride=(2, 2), padding=(3, 3), bias=False)
    (1): BatchNorm2d(64, eps=1e-05, momentum=0.1, affine=True, track_running_stats=True)
    (2): ReLU(inplace=True)
    (3): MaxPool2d(kernel_size=3, stride=2, padding=1, dilation=1, ceil_mode=False)
    (4): Sequential(
      (0): BasicBlock(
        (conv1): Conv2d(64, 64, kernel_size=(3, 3), stride=(1, 1), padding=(1, 1), bias=False)
        (bn1): BatchNorm2d(64, eps=1e-05, momentum=0.1, affine=True, track_running_stats=True)
        (relu): ReLU(inplace=True)
        (conv2): Conv2d(64, 64, kernel_size=(3, 3), stride=(1, 1), padding=(1, 1), bias=False)
        (bn2): BatchNorm2d(64, eps=1e-05, momentum=0.1, affine=True, track_running_stats=True)
      )
      (1): BasicBlock(
        (conv1): Conv2d(64, 64, kernel_size=(3, 3), stride=(1, 1), padding=(1, 1), bias=False)
        (bn1): BatchNorm2d(64, eps=1e-05, momentum=0.1, affine=True, track_running_stats=True)
        (relu): ReLU(inplace=True)
        (conv2): Conv2d(64, 64, kernel_size=(3, 3), stride=(1, 1), padding=(1, 1), bias=False)
        (bn2): BatchNorm2d(64, eps=1e-05, momentum=0.1, affine=True, track_running_stats=True)
      )
    )
    (5): Sequential(
      (0): BasicBlock(
        (conv1): Conv2d(64, 128, kernel_size=(3, 3), stride=(2, 2), padding=(1, 1), bias=False)
        (bn1): BatchNorm2d(128, eps=1e-05, momentum=0.1, affine=True, track_running_stats=True)
        (relu): ReLU(inplace=True)
        (conv2): Conv2d(128, 128, kernel_size=(3, 3), stride=(1, 1), padding=(1, 1), bias=False)
        (bn2): BatchNorm2d(128, eps=1e-05, momentum=0.1, affine=True, track_running_stats=True)
        (downsample): Sequential(
          (0): Conv2d(64, 128, kernel_size=(1, 1), stride=(2, 2), bias=False)
          (1): BatchNorm2d(128, eps=1e-05, momentum=0.1, affine=True, track_running_stats=True)
        )
      )
      (1): BasicBlock(
        (conv1): Conv2d(128, 128, kernel_size=(3, 3), stride=(1, 1), padding=(1, 1), bias=False)
        (bn1): BatchNorm2d(128, eps=1e-05, momentum=0.1, affine=True, track_running_stats=True)
        (relu): ReLU(inplace=True)
        (conv2): Conv2d(128, 128, kernel_size=(3, 3), stride=(1, 1), padding=(1, 1), bias=False)
        (bn2): BatchNorm2d(128, eps=1e-05, momentum=0.1, affine=True, track_running_stats=True)
      )
    )
    (6): Sequential(
      (0): BasicBlock(
        (conv1): Conv2d(128, 256, kernel_size=(3, 3), stride=(2, 2), padding=(1, 1), bias=False)
        (bn1): BatchNorm2d(256, eps=1e-05, momentum=0.1, affine=True, track_running_stats=True)
        (relu): ReLU(inplace=True)
        (conv2): Conv2d(256, 256, kernel_size=(3, 3), stride=(1, 1), padding=(1, 1), bias=False)
        (bn2): BatchNorm2d(256, eps=1e-05, momentum=0.1, affine=True, track_running_stats=True)
        (downsample): Sequential(
          (0): Conv2d(128, 256, kernel_size=(1, 1), stride=(2, 2), bias=False)
          (1): BatchNorm2d(256, eps=1e-05, momentum=0.1, affine=True, track_running_stats=True)
        )
      )
      (1): BasicBlock(
        (conv1): Conv2d(256, 256, kernel_size=(3, 3), stride=(1, 1), padding=(1, 1), bias=False)
        (bn1): BatchNorm2d(256, eps=1e-05, momentum=0.1, affine=True, track_running_stats=True)
        (relu): ReLU(inplace=True)
        (conv2): Conv2d(256, 256, kernel_size=(3, 3), stride=(1, 1), padding=(1, 1), bias=False)
        (bn2): BatchNorm2d(256, eps=1e-05, momentum=0.1, affine=True, track_running_stats=True)
      )
    )
    (7): Sequential(
      (0): BasicBlock(
        (conv1): Conv2d(256, 512, kernel_size=(3, 3), stride=(2, 2), padding=(1, 1), bias=False)
        (bn1): BatchNorm2d(512, eps=1e-05, momentum=0.1, affine=True, track_running_stats=True)
        (relu): ReLU(inplace=True)
        (conv2): Conv2d(512, 512, kernel_size=(3, 3), stride=(1, 1), padding=(1, 1), bias=False)
        (bn2): BatchNorm2d(512, eps=1e-05, momentum=0.1, affine=True, track_running_stats=True)
        (downsample): Sequential(
          (0): Conv2d(256, 512, kernel_size=(1, 1), stride=(2, 2), bias=False)
          (1): BatchNorm2d(512, eps=1e-05, momentum=0.1, affine=True, track_running_stats=True)
        )
      )
      (1): BasicBlock(
        (conv1): Conv2d(512, 512, kernel_size=(3, 3), stride=(1, 1), padding=(1, 1), bias=False)
        (bn1): BatchNorm2d(512, eps=1e-05, momentum=0.1, affine=True, track_running_stats=True)
        (relu): ReLU(inplace=True)
        (conv2): Conv2d(512, 512, kernel_size=(3, 3), stride=(1, 1), padding=(1, 1), bias=False)
        (bn2): BatchNorm2d(512, eps=1e-05, momentum=0.1, affine=True, track_running_stats=True)
      )
    )
  )
  (lstm): LSTM(32, 64, batch_first=True)
  (skip_connection): Linear(in_features=32, out_features=64, bias=True)
  (fc): Linear(in_features=64, out_features=5, bias=True)
)
number of parameters: 11197765
Training start
epoch  1 | time used:  2.15s | train_loss 1.369 | valid loss 1.563 | valid acc 0.234 | mae 2.000 | mse 6.165 | rmse 2.48 | r2 -1.85 | sharp 0.00
epoch  2 | time used:  1.13s | train_loss 1.372 | valid loss 1.560 | valid acc 0.249 | mae 2.000 | mse 6.165 | rmse 2.48 | r2 -1.85 | sharp 1.94
epoch  3 | time used:  1.14s | train_loss 1.424 | valid loss 1.759 | valid acc 0.282 | mae 1.200 | mse 2.165 | rmse 1.47 | r2 0.00 | sharp 1.94
epoch  4 | time used:  1.14s | train_loss 1.419 | valid loss 1.644 | valid acc 0.282 | mae 1.200 | mse 2.165 | rmse 1.47 | r2 0.00 | sharp 1.94
epoch  5 | time used:  1.15s | train_loss 1.435 | valid loss 1.560 | valid acc 0.249 | mae 2.000 | mse 6.165 | rmse 2.48 | r2 -1.85 | sharp 1.94
epoch  6 | time used:  1.14s | train_loss 1.380 | valid loss 1.563 | valid acc 0.234 | mae 2.000 | mse 6.165 | rmse 2.48 | r2 -1.85 | sharp 0.00
epoch  7 | time used:  1.11s | train_loss 1.387 | valid loss 1.560 | valid acc 0.249 | mae 2.000 | mse 6.165 | rmse 2.48 | r2 -1.85 | sharp 1.94
epoch  8 | time used:  1.14s | train_loss 1.482 | valid loss 1.759 | valid acc 0.282 | mae 1.200 | mse 2.165 | rmse 1.47 | r2 0.00 | sharp 1.94
epoch  9 | time used:  1.14s | train_loss 1.454 | valid loss 1.563 | valid acc 0.234 | mae 2.000 | mse 6.165 | rmse 2.48 | r2 -1.85 | sharp 0.00
epoch 10 | time used:  1.14s | train_loss 1.367 | valid loss 1.803 | valid acc 0.102 | mae 1.498 | mse 3.165 | rmse 1.78 | r2 -0.46 | sharp 1.94
saving the model to ./save/2020_50/FuturesNet/checkpoint10.pt
epoch 11 | time used:  1.17s | train_loss 1.363 | valid loss 1.563 | valid acc 0.234 | mae 2.000 | mse 6.165 | rmse 2.48 | r2 -1.85 | sharp 0.00
epoch 12 | time used:  1.15s | train_loss 1.371 | valid loss 1.563 | valid acc 0.234 | mae 2.000 | mse 6.165 | rmse 2.48 | r2 -1.85 | sharp 0.00
epoch 13 | time used:  1.19s | train_loss 1.370 | valid loss 1.563 | valid acc 0.234 | mae 2.000 | mse 6.165 | rmse 2.48 | r2 -1.85 | sharp 0.00
epoch 14 | time used:  1.21s | train_loss 1.374 | valid loss 1.563 | valid acc 0.234 | mae 2.000 | mse 6.165 | rmse 2.48 | r2 -1.85 | sharp 0.00
epoch 15 | time used:  1.17s | train_loss 1.365 | valid loss 1.560 | valid acc 0.249 | mae 2.000 | mse 6.165 | rmse 2.48 | r2 -1.85 | sharp 1.94
epoch 16 | time used:  1.12s | train_loss 1.373 | valid loss 1.563 | valid acc 0.234 | mae 2.000 | mse 6.165 | rmse 2.48 | r2 -1.85 | sharp 0.00
epoch 17 | time used:  1.21s | train_loss 1.360 | valid loss 1.563 | valid acc 0.234 | mae 2.000 | mse 6.165 | rmse 2.48 | r2 -1.85 | sharp 0.00
epoch 18 | time used:  1.20s | train_loss 1.507 | valid loss 1.759 | valid acc 0.282 | mae 1.200 | mse 2.165 | rmse 1.47 | r2 0.00 | sharp 1.94
epoch 19 | time used:  1.20s | train_loss 1.561 | valid loss 1.759 | valid acc 0.282 | mae 1.200 | mse 2.165 | rmse 1.47 | r2 0.00 | sharp 1.94
epoch 20 | time used:  1.21s | train_loss 1.433 | valid loss 1.805 | valid acc 0.102 | mae 1.498 | mse 3.165 | rmse 1.78 | r2 -0.46 | sharp 1.94
saving the model to ./save/2020_50/FuturesNet/checkpoint20.pt
epoch 21 | time used:  1.23s | train_loss 1.470 | valid loss 1.759 | valid acc 0.282 | mae 1.200 | mse 2.165 | rmse 1.47 | r2 0.00 | sharp 1.94
epoch 22 | time used:  1.22s | train_loss 1.459 | valid loss 1.563 | valid acc 0.234 | mae 2.000 | mse 6.165 | rmse 2.48 | r2 -1.85 | sharp 0.00
epoch 23 | time used:  1.19s | train_loss 1.365 | valid loss 1.563 | valid acc 0.234 | mae 2.000 | mse 6.165 | rmse 2.48 | r2 -1.85 | sharp 0.00
epoch 24 | time used:  1.14s | train_loss 1.366 | valid loss 1.671 | valid acc 0.282 | mae 1.200 | mse 2.165 | rmse 1.47 | r2 0.00 | sharp 1.94
epoch 25 | time used:  1.23s | train_loss 1.432 | valid loss 1.563 | valid acc 0.234 | mae 2.000 | mse 6.165 | rmse 2.48 | r2 -1.85 | sharp 0.00
epoch 26 | time used:  1.20s | train_loss 1.415 | valid loss 1.563 | valid acc 0.234 | mae 2.000 | mse 6.165 | rmse 2.48 | r2 -1.85 | sharp 0.00
epoch 27 | time used:  1.21s | train_loss 1.364 | valid loss 1.563 | valid acc 0.234 | mae 2.000 | mse 6.165 | rmse 2.48 | r2 -1.85 | sharp 0.00
epoch 28 | time used:  1.21s | train_loss 1.369 | valid loss 1.563 | valid acc 0.234 | mae 2.000 | mse 6.165 | rmse 2.48 | r2 -1.85 | sharp 0.00
epoch 29 | time used:  1.20s | train_loss 1.369 | valid loss 1.563 | valid acc 0.234 | mae 2.000 | mse 6.165 | rmse 2.48 | r2 -1.85 | sharp 0.00
epoch 30 | time used:  1.22s | train_loss 1.514 | valid loss 1.563 | valid acc 0.234 | mae 2.000 | mse 6.165 | rmse 2.48 | r2 -1.85 | sharp 0.00
saving the model to ./save/2020_50/FuturesNet/checkpoint30.pt
epoch 31 | time used:  1.22s | train_loss 1.366 | valid loss 1.560 | valid acc 0.249 | mae 2.000 | mse 6.165 | rmse 2.48 | r2 -1.85 | sharp 1.94
epoch 32 | time used:  1.13s | train_loss 1.375 | valid loss 1.563 | valid acc 0.234 | mae 2.000 | mse 6.165 | rmse 2.48 | r2 -1.85 | sharp 0.00
epoch 33 | time used:  1.18s | train_loss 1.516 | valid loss 1.759 | valid acc 0.282 | mae 1.200 | mse 2.165 | rmse 1.47 | r2 0.00 | sharp 1.94
epoch 34 | time used:  1.22s | train_loss 1.443 | valid loss 1.563 | valid acc 0.234 | mae 2.000 | mse 6.165 | rmse 2.48 | r2 -1.85 | sharp 0.00
epoch 35 | time used:  1.20s | train_loss 1.369 | valid loss 1.563 | valid acc 0.234 | mae 2.000 | mse 6.165 | rmse 2.48 | r2 -1.85 | sharp 0.00
epoch 36 | time used:  1.19s | train_loss 1.372 | valid loss 1.560 | valid acc 0.249 | mae 2.000 | mse 6.165 | rmse 2.48 | r2 -1.85 | sharp 1.94
epoch 37 | time used:  1.18s | train_loss 1.417 | valid loss 1.563 | valid acc 0.234 | mae 2.000 | mse 6.165 | rmse 2.48 | r2 -1.85 | sharp 0.00
epoch 38 | time used:  1.19s | train_loss 1.549 | valid loss 1.805 | valid acc 0.102 | mae 1.498 | mse 3.165 | rmse 1.78 | r2 -0.46 | sharp 1.94
epoch 39 | time used:  1.18s | train_loss 1.583 | valid loss 1.805 | valid acc 0.102 | mae 1.498 | mse 3.165 | rmse 1.78 | r2 -0.46 | sharp 1.94
epoch 40 | time used:  1.16s | train_loss 1.477 | valid loss 1.563 | valid acc 0.234 | mae 2.000 | mse 6.165 | rmse 2.48 | r2 -1.85 | sharp 0.00
saving the model to ./save/2020_50/FuturesNet/checkpoint40.pt
epoch 41 | time used:  1.17s | train_loss 1.404 | valid loss 1.563 | valid acc 0.234 | mae 2.000 | mse 6.165 | rmse 2.48 | r2 -1.85 | sharp 0.00
epoch 42 | time used:  1.15s | train_loss 1.408 | valid loss 1.560 | valid acc 0.249 | mae 2.000 | mse 6.165 | rmse 2.48 | r2 -1.85 | sharp 1.94
epoch 43 | time used:  1.19s | train_loss 1.473 | valid loss 1.560 | valid acc 0.249 | mae 2.000 | mse 6.165 | rmse 2.48 | r2 -1.85 | sharp 1.94
epoch 44 | time used:  1.20s | train_loss 1.377 | valid loss 1.560 | valid acc 0.249 | mae 2.000 | mse 6.165 | rmse 2.48 | r2 -1.85 | sharp 1.94
epoch 45 | time used:  1.20s | train_loss 1.390 | valid loss 1.560 | valid acc 0.249 | mae 2.000 | mse 6.165 | rmse 2.48 | r2 -1.85 | sharp 1.94
epoch 46 | time used:  1.20s | train_loss 1.395 | valid loss 1.563 | valid acc 0.234 | mae 2.000 | mse 6.165 | rmse 2.48 | r2 -1.85 | sharp 0.00
epoch 47 | time used:  1.19s | train_loss 1.363 | valid loss 1.563 | valid acc 0.234 | mae 2.000 | mse 6.165 | rmse 2.48 | r2 -1.85 | sharp 0.00
epoch 48 | time used:  1.20s | train_loss 1.424 | valid loss 1.560 | valid acc 0.249 | mae 2.000 | mse 6.165 | rmse 2.48 | r2 -1.85 | sharp 1.94
epoch 49 | time used:  1.18s | train_loss 1.419 | valid loss 1.560 | valid acc 0.249 | mae 2.000 | mse 6.165 | rmse 2.48 | r2 -1.85 | sharp 1.94
epoch 50 | time used:  1.20s | train_loss 1.400 | valid loss 1.563 | valid acc 0.234 | mae 2.000 | mse 6.165 | rmse 2.48 | r2 -1.85 | sharp 0.00
saving the model to ./save/2020_50/FuturesNet/checkpoint50.pt
epoch 51 | time used:  1.20s | train_loss 1.420 | valid loss 1.560 | valid acc 0.249 | mae 2.000 | mse 6.165 | rmse 2.48 | r2 -1.85 | sharp 1.94
epoch 52 | time used:  1.21s | train_loss 1.408 | valid loss 1.560 | valid acc 0.249 | mae 2.000 | mse 6.165 | rmse 2.48 | r2 -1.85 | sharp 1.94
epoch 53 | time used:  1.20s | train_loss 1.370 | valid loss 1.820 | valid acc 0.133 | mae 1.468 | mse 3.165 | rmse 1.78 | r2 -0.46 | sharp 1.94
epoch 54 | time used:  1.20s | train_loss 1.378 | valid loss 1.563 | valid acc 0.234 | mae 2.000 | mse 6.165 | rmse 2.48 | r2 -1.85 | sharp 0.00
epoch 55 | time used:  1.20s | train_loss 1.514 | valid loss 1.560 | valid acc 0.249 | mae 2.000 | mse 6.165 | rmse 2.48 | r2 -1.85 | sharp 1.94
epoch 56 | time used:  1.19s | train_loss 1.416 | valid loss 1.560 | valid acc 0.249 | mae 2.000 | mse 6.165 | rmse 2.48 | r2 -1.85 | sharp 1.94
epoch 57 | time used:  1.16s | train_loss 1.369 | valid loss 1.560 | valid acc 0.249 | mae 2.000 | mse 6.165 | rmse 2.48 | r2 -1.85 | sharp 1.94
epoch 58 | time used:  1.19s | train_loss 1.361 | valid loss 1.563 | valid acc 0.234 | mae 2.000 | mse 6.165 | rmse 2.48 | r2 -1.85 | sharp 0.00
epoch 59 | time used:  1.20s | train_loss 1.406 | valid loss 1.563 | valid acc 0.234 | mae 2.000 | mse 6.165 | rmse 2.48 | r2 -1.85 | sharp 0.00
epoch 60 | time used:  1.19s | train_loss 1.418 | valid loss 1.560 | valid acc 0.249 | mae 2.000 | mse 6.165 | rmse 2.48 | r2 -1.85 | sharp 1.94
saving the model to ./save/2020_50/FuturesNet/checkpoint60.pt
epoch 61 | time used:  1.21s | train_loss 1.595 | valid loss 1.759 | valid acc 0.282 | mae 1.200 | mse 2.165 | rmse 1.47 | r2 0.00 | sharp 1.94
epoch 62 | time used:  1.19s | train_loss 1.618 | valid loss 1.759 | valid acc 0.282 | mae 1.200 | mse 2.165 | rmse 1.47 | r2 0.00 | sharp 1.94
epoch 63 | time used:  1.18s | train_loss 1.381 | valid loss 1.563 | valid acc 0.234 | mae 2.000 | mse 6.165 | rmse 2.48 | r2 -1.85 | sharp 0.00
epoch 64 | time used:  1.20s | train_loss 1.389 | valid loss 1.563 | valid acc 0.234 | mae 2.000 | mse 6.165 | rmse 2.48 | r2 -1.85 | sharp 0.00
epoch 65 | time used:  1.18s | train_loss 1.491 | valid loss 1.759 | valid acc 0.282 | mae 1.200 | mse 2.165 | rmse 1.47 | r2 0.00 | sharp 1.94
epoch 66 | time used:  1.20s | train_loss 1.511 | valid loss 1.560 | valid acc 0.249 | mae 2.000 | mse 6.165 | rmse 2.48 | r2 -1.85 | sharp 1.94
epoch 67 | time used:  1.20s | train_loss 1.546 | valid loss 1.759 | valid acc 0.282 | mae 1.200 | mse 2.165 | rmse 1.47 | r2 0.00 | sharp 1.94
epoch 68 | time used:  1.22s | train_loss 1.499 | valid loss 1.563 | valid acc 0.234 | mae 2.000 | mse 6.165 | rmse 2.48 | r2 -1.85 | sharp 0.00
epoch 69 | time used:  1.22s | train_loss 1.425 | valid loss 1.759 | valid acc 0.282 | mae 1.200 | mse 2.165 | rmse 1.47 | r2 0.00 | sharp 1.94
epoch 70 | time used:  1.20s | train_loss 1.407 | valid loss 1.560 | valid acc 0.249 | mae 2.000 | mse 6.165 | rmse 2.48 | r2 -1.85 | sharp 1.94
saving the model to ./save/2020_50/FuturesNet/checkpoint70.pt
epoch 71 | time used:  1.20s | train_loss 1.376 | valid loss 1.563 | valid acc 0.234 | mae 2.000 | mse 6.165 | rmse 2.48 | r2 -1.85 | sharp 0.00
epoch 72 | time used:  1.21s | train_loss 1.365 | valid loss 1.563 | valid acc 0.234 | mae 2.000 | mse 6.165 | rmse 2.48 | r2 -1.85 | sharp 0.00
epoch 73 | time used:  1.20s | train_loss 1.390 | valid loss 1.805 | valid acc 0.102 | mae 1.498 | mse 3.165 | rmse 1.78 | r2 -0.46 | sharp 1.94
epoch 74 | time used:  1.26s | train_loss 1.429 | valid loss 1.560 | valid acc 0.249 | mae 2.000 | mse 6.165 | rmse 2.48 | r2 -1.85 | sharp 1.94
epoch 75 | time used:  1.27s | train_loss 1.529 | valid loss 1.759 | valid acc 0.282 | mae 1.200 | mse 2.165 | rmse 1.47 | r2 0.00 | sharp 1.94
epoch 76 | time used:  1.26s | train_loss 1.473 | valid loss 1.695 | valid acc 0.282 | mae 1.200 | mse 2.165 | rmse 1.47 | r2 0.00 | sharp 1.94
epoch 77 | time used:  1.27s | train_loss 1.473 | valid loss 1.563 | valid acc 0.234 | mae 2.000 | mse 6.165 | rmse 2.48 | r2 -1.85 | sharp 0.00
epoch 78 | time used:  1.27s | train_loss 1.366 | valid loss 1.563 | valid acc 0.234 | mae 2.000 | mse 6.165 | rmse 2.48 | r2 -1.85 | sharp 0.00
epoch 79 | time used:  1.27s | train_loss 1.388 | valid loss 1.560 | valid acc 0.249 | mae 2.000 | mse 6.165 | rmse 2.48 | r2 -1.85 | sharp 1.94
epoch 80 | time used:  1.27s | train_loss 1.364 | valid loss 1.563 | valid acc 0.234 | mae 2.000 | mse 6.165 | rmse 2.48 | r2 -1.85 | sharp 0.00
saving the model to ./save/2020_50/FuturesNet/checkpoint80.pt
epoch 81 | time used:  1.22s | train_loss 1.372 | valid loss 1.563 | valid acc 0.234 | mae 2.000 | mse 6.165 | rmse 2.48 | r2 -1.85 | sharp 0.00
epoch 82 | time used:  1.24s | train_loss 1.427 | valid loss 1.563 | valid acc 0.234 | mae 2.000 | mse 6.165 | rmse 2.48 | r2 -1.85 | sharp 0.00
epoch 83 | time used:  1.26s | train_loss 1.413 | valid loss 1.563 | valid acc 0.234 | mae 2.000 | mse 6.165 | rmse 2.48 | r2 -1.85 | sharp 0.00
epoch 84 | time used:  1.27s | train_loss 1.367 | valid loss 1.563 | valid acc 0.234 | mae 2.000 | mse 6.165 | rmse 2.48 | r2 -1.85 | sharp 0.00
epoch 85 | time used:  1.27s | train_loss 1.400 | valid loss 1.563 | valid acc 0.234 | mae 2.000 | mse 6.165 | rmse 2.48 | r2 -1.85 | sharp 0.00
epoch 86 | time used:  1.25s | train_loss 1.373 | valid loss 1.563 | valid acc 0.234 | mae 2.000 | mse 6.165 | rmse 2.48 | r2 -1.85 | sharp 0.00
epoch 87 | time used:  1.26s | train_loss 1.413 | valid loss 1.560 | valid acc 0.249 | mae 2.000 | mse 6.165 | rmse 2.48 | r2 -1.85 | sharp 1.94
epoch 88 | time used:  1.27s | train_loss 1.382 | valid loss 1.563 | valid acc 0.234 | mae 2.000 | mse 6.165 | rmse 2.48 | r2 -1.85 | sharp 0.00
epoch 89 | time used:  1.19s | train_loss 1.409 | valid loss 1.560 | valid acc 0.249 | mae 2.000 | mse 6.165 | rmse 2.48 | r2 -1.85 | sharp 1.94
epoch 90 | time used:  1.18s | train_loss 1.397 | valid loss 1.560 | valid acc 0.249 | mae 2.000 | mse 6.165 | rmse 2.48 | r2 -1.85 | sharp 1.94
saving the model to ./save/2020_50/FuturesNet/checkpoint90.pt
epoch 91 | time used:  1.16s | train_loss 1.370 | valid loss 1.563 | valid acc 0.234 | mae 2.000 | mse 6.165 | rmse 2.48 | r2 -1.85 | sharp 0.00
epoch 92 | time used:  1.20s | train_loss 1.365 | valid loss 1.563 | valid acc 0.234 | mae 2.000 | mse 6.165 | rmse 2.48 | r2 -1.85 | sharp 0.00
epoch 93 | time used:  1.26s | train_loss 1.409 | valid loss 1.759 | valid acc 0.282 | mae 1.200 | mse 2.165 | rmse 1.47 | r2 0.00 | sharp 1.94
epoch 94 | time used:  1.24s | train_loss 1.364 | valid loss 1.563 | valid acc 0.234 | mae 2.000 | mse 6.165 | rmse 2.48 | r2 -1.85 | sharp 0.00
epoch 95 | time used:  1.23s | train_loss 1.408 | valid loss 1.563 | valid acc 0.234 | mae 2.000 | mse 6.165 | rmse 2.48 | r2 -1.85 | sharp 0.00
epoch 96 | time used:  1.18s | train_loss 1.383 | valid loss 1.560 | valid acc 0.249 | mae 2.000 | mse 6.165 | rmse 2.48 | r2 -1.85 | sharp 1.94
epoch 97 | time used:  1.18s | train_loss 1.372 | valid loss 1.560 | valid acc 0.249 | mae 2.000 | mse 6.165 | rmse 2.48 | r2 -1.85 | sharp 1.94
epoch 98 | time used:  1.17s | train_loss 1.361 | valid loss 1.563 | valid acc 0.234 | mae 2.000 | mse 6.165 | rmse 2.48 | r2 -1.85 | sharp 0.00
epoch 99 | time used:  1.20s | train_loss 1.500 | valid loss 1.563 | valid acc 0.234 | mae 2.000 | mse 6.165 | rmse 2.48 | r2 -1.85 | sharp 0.00
epoch 100 | time used:  1.27s | train_loss 1.363 | valid loss 1.563 | valid acc 0.234 | mae 2.000 | mse 6.165 | rmse 2.48 | r2 -1.85 | sharp 0.00
saving the model to ./save/2020_50/FuturesNet/checkpoint100.pt
